# JRE version: OpenJDK Runtime Environment (7.0_75-b13) (build 1.7.0_75-b13)
# Java VM: OpenJDK 64-Bit Server VM (24.75-b04 mixed mode linux-amd64 compressed oops)
Heap
 PSYoungGen      total 157184K, used 72821K [0x00000007acd00000, 0x00000007bb000000, 0x0000000800000000)
  eden space 156672K, 46% used [0x00000007acd00000,0x00000007b14155f0,0x00000007b6600000)
  from space 512K, 6% used [0x00000007baf80000,0x00000007baf88000,0x00000007bb000000)
  to   space 512K, 0% used [0x00000007baf00000,0x00000007baf00000,0x00000007baf80000)
 ParOldGen       total 169984K, used 64085K [0x0000000706800000, 0x0000000710e00000, 0x00000007acd00000)
  object space 169984K, 37% used [0x0000000706800000,0x000000070a695678,0x0000000710e00000)
 PSPermGen       total 33280K, used 33187K [0x00000006fc200000, 0x00000006fe280000, 0x0000000706800000)
  object space 33280K, 99% used [0x00000006fc200000,0x00000006fe268d58,0x00000006fe280000)
GC Heap History (10 events):
Event: 524136.415 GC heap before
{Heap before GC invocations=316 (full 0):
 PSYoungGen      total 77312K, used 77312K [0x00000007acd00000, 0x00000007bb000000, 0x0000000800000000)
  eden space 76800K, 100% used [0x00000007acd00000,0x00000007b1800000,0x00000007b1800000)
  from space 512K, 100% used [0x00000007baf00000,0x00000007baf80000,0x00000007baf80000)
  to   space 512K, 0% used [0x00000007baf80000,0x00000007baf80000,0x00000007bb000000)
 ParOldGen       total 169984K, used 63637K [0x0000000706800000, 0x0000000710e00000, 0x00000007acd00000)
  object space 169984K, 37% used [0x0000000706800000,0x000000070a625678,0x0000000710e00000)
 PSPermGen       total 33280K, used 33185K [0x00000006fc200000, 0x00000006fe280000, 0x0000000706800000)
  object space 33280K, 99% used [0x00000006fc200000,0x00000006fe268500,0x00000006fe280000)
Event: 524136.436 GC heap after
Heap after GC invocations=316 (full 0):
 PSYoungGen      total 75264K, used 32K [0x00000007acd00000, 0x00000007bb000000, 0x0000000800000000)
  eden space 74752K, 0% used [0x00000007acd00000,0x00000007acd00000,0x00000007b1600000)
  from space 512K, 6% used [0x00000007baf80000,0x00000007baf88000,0x00000007bb000000)
  to   space 512K, 0% used [0x00000007baf00000,0x00000007baf00000,0x00000007baf80000)
 ParOldGen       total 169984K, used 64061K [0x0000000706800000, 0x0000000710e00000, 0x00000007acd00000)
  object space 169984K, 37% used [0x0000000706800000,0x000000070a68f678,0x0000000710e00000)
 PSPermGen       total 33280K, used 33185K [0x00000006fc200000, 0x00000006fe280000, 0x0000000706800000)
  object space 33280K, 99% used [0x00000006fc200000,0x00000006fe268500,0x00000006fe280000)
}
Event: 524137.139 GC heap before
{Heap before GC invocations=317 (full 0):
 PSYoungGen      total 75264K, used 74784K [0x00000007acd00000, 0x00000007bb000000, 0x0000000800000000)
  eden space 74752K, 100% used [0x00000007acd00000,0x00000007b1600000,0x00000007b1600000)
  from space 512K, 6% used [0x00000007baf80000,0x00000007baf88000,0x00000007bb000000)
  to   space 512K, 0% used [0x00000007baf00000,0x00000007baf00000,0x00000007baf80000)
 ParOldGen       total 169984K, used 64061K [0x0000000706800000, 0x0000000710e00000, 0x00000007acd00000)
  object space 169984K, 37% used [0x0000000706800000,0x000000070a68f678,0x0000000710e00000)
 PSPermGen       total 33280K, used 33185K [0x00000006fc200000, 0x00000006fe280000, 0x0000000706800000)
  object space 33280K, 99% used [0x00000006fc200000,0x00000006fe268500,0x00000006fe280000)
Event: 524137.176 GC heap after
Heap after GC invocations=317 (full 0):
 PSYoungGen      total 90624K, used 64K [0x00000007acd00000, 0x00000007bb000000, 0x0000000800000000)
  eden space 90112K, 0% used [0x00000007acd00000,0x00000007acd00000,0x00000007b2500000)
  from space 512K, 12% used [0x00000007baf00000,0x00000007baf10000,0x00000007baf80000)
  to   space 512K, 0% used [0x00000007baf80000,0x00000007baf80000,0x00000007bb000000)
 ParOldGen       total 169984K, used 64069K [0x0000000706800000, 0x0000000710e00000, 0x00000007acd00000)
  object space 169984K, 37% used [0x0000000706800000,0x000000070a691678,0x0000000710e00000)
 PSPermGen       total 33280K, used 33185K [0x00000006fc200000, 0x00000006fe280000, 0x0000000706800000)
  object space 33280K, 99% used [0x00000006fc200000,0x00000006fe268500,0x00000006fe280000)
}
Event: 524138.099 GC heap before
{Heap before GC invocations=318 (full 0):
 PSYoungGen      total 90624K, used 90176K [0x00000007acd00000, 0x00000007bb000000, 0x0000000800000000)
  eden space 90112K, 100% used [0x00000007acd00000,0x00000007b2500000,0x00000007b2500000)
  from space 512K, 12% used [0x00000007baf00000,0x00000007baf10000,0x00000007baf80000)
  to   space 512K, 0% used [0x00000007baf80000,0x00000007baf80000,0x00000007bb000000)
 ParOldGen       total 169984K, used 64069K [0x0000000706800000, 0x0000000710e00000, 0x00000007acd00000)
  object space 169984K, 37% used [0x0000000706800000,0x000000070a691678,0x0000000710e00000)
 PSPermGen       total 33280K, used 33187K [0x00000006fc200000, 0x00000006fe280000, 0x0000000706800000)
  object space 33280K, 99% used [0x00000006fc200000,0x00000006fe268c78,0x00000006fe280000)
Event: 524138.108 GC heap after
Heap after GC invocations=318 (full 0):
 PSYoungGen      total 109056K, used 32K [0x00000007acd00000, 0x00000007bb000000, 0x0000000800000000)
  eden space 108544K, 0% used [0x00000007acd00000,0x00000007acd00000,0x00000007b3700000)
  from space 512K, 6% used [0x00000007baf80000,0x00000007baf88000,0x00000007bb000000)
  to   space 512K, 0% used [0x00000007baf00000,0x00000007baf00000,0x00000007baf80000)
 ParOldGen       total 169984K, used 64077K [0x0000000706800000, 0x0000000710e00000, 0x00000007acd00000)
  object space 169984K, 37% used [0x0000000706800000,0x000000070a693678,0x0000000710e00000)
 PSPermGen       total 33280K, used 33187K [0x00000006fc200000, 0x00000006fe280000, 0x0000000706800000)
  object space 33280K, 99% used [0x00000006fc200000,0x00000006fe268c78,0x00000006fe280000)
}
Event: 524138.899 GC heap before
{Heap before GC invocations=319 (full 0):
 PSYoungGen      total 109056K, used 108576K [0x00000007acd00000, 0x00000007bb000000, 0x0000000800000000)
  eden space 108544K, 100% used [0x00000007acd00000,0x00000007b3700000,0x00000007b3700000)
  from space 512K, 6% used [0x00000007baf80000,0x00000007baf88000,0x00000007bb000000)
  to   space 512K, 0% used [0x00000007baf00000,0x00000007baf00000,0x00000007baf80000)
 ParOldGen       total 169984K, used 64077K [0x0000000706800000, 0x0000000710e00000, 0x00000007acd00000)
  object space 169984K, 37% used [0x0000000706800000,0x000000070a693678,0x0000000710e00000)
 PSPermGen       total 33280K, used 33187K [0x00000006fc200000, 0x00000006fe280000, 0x0000000706800000)
  object space 33280K, 99% used [0x00000006fc200000,0x00000006fe268c78,0x00000006fe280000)
Event: 524138.916 GC heap after
Heap after GC invocations=319 (full 0):
 PSYoungGen      total 131072K, used 32K [0x00000007acd00000, 0x00000007bb000000, 0x0000000800000000)
  eden space 130560K, 0% used [0x00000007acd00000,0x00000007acd00000,0x00000007b4c80000)
  from space 512K, 6% used [0x00000007baf00000,0x00000007baf08000,0x00000007baf80000)
  to   space 512K, 0% used [0x00000007baf80000,0x00000007baf80000,0x00000007bb000000)
 ParOldGen       total 169984K, used 64085K [0x0000000706800000, 0x0000000710e00000, 0x00000007acd00000)
  object space 169984K, 37% used [0x0000000706800000,0x000000070a695678,0x0000000710e00000)
 PSPermGen       total 33280K, used 33187K [0x00000006fc200000, 0x00000006fe280000, 0x0000000706800000)
  object space 33280K, 99% used [0x00000006fc200000,0x00000006fe268c78,0x00000006fe280000)
}
Event: 524140.975 GC heap before
{Heap before GC invocations=320 (full 0):
 PSYoungGen      total 131072K, used 130592K [0x00000007acd00000, 0x00000007bb000000, 0x0000000800000000)
  eden space 130560K, 100% used [0x00000007acd00000,0x00000007b4c80000,0x00000007b4c80000)
  from space 512K, 6% used [0x00000007baf00000,0x00000007baf08000,0x00000007baf80000)
  to   space 512K, 0% used [0x00000007baf80000,0x00000007baf80000,0x00000007bb000000)
 ParOldGen       total 169984K, used 64085K [0x0000000706800000, 0x0000000710e00000, 0x00000007acd00000)
  object space 169984K, 37% used [0x0000000706800000,0x000000070a695678,0x0000000710e00000)
 PSPermGen       total 33280K, used 33187K [0x00000006fc200000, 0x00000006fe280000, 0x0000000706800000)
  object space 33280K, 99% used [0x00000006fc200000,0x00000006fe268c78,0x00000006fe280000)
Event: 524140.990 GC heap after
Heap after GC invocations=320 (full 0):
 PSYoungGen      total 157184K, used 32K [0x00000007acd00000, 0x00000007bb000000, 0x0000000800000000)
  eden space 156672K, 0% used [0x00000007acd00000,0x00000007acd00000,0x00000007b6600000)
  from space 512K, 6% used [0x00000007baf80000,0x00000007baf88000,0x00000007bb000000)
  to   space 512K, 0% used [0x00000007baf00000,0x00000007baf00000,0x00000007baf80000)
 ParOldGen       total 169984K, used 64085K [0x0000000706800000, 0x0000000710e00000, 0x00000007acd00000)
  object space 169984K, 37% used [0x0000000706800000,0x000000070a695678,0x0000000710e00000)
 PSPermGen       total 33280K, used 33187K [0x00000006fc200000, 0x00000006fe280000, 0x0000000706800000)
  object space 33280K, 99% used [0x00000006fc200000,0x00000006fe268c78,0x00000006fe280000)
}

